1518782533694	geckodriver	INFO	geckodriver 0.19.1
1518782533705	geckodriver	INFO	Listening on 127.0.0.1:37735
1518782534823	mozrunner::runner	INFO	Running command: "/usr/bin/firefox" "-marionette" "--headless" "-profile" "/tmp/rust_mozprofile.rLCJvHcPSKhZ"
*** You are running in headless mode.
1518782535291	Marionette	INFO	Enabled via --marionette
1518782536880	Marionette	INFO	Listening on port 44068
1518782536938	Marionette	WARN	TLS certificate errors will be ignored for this session
JavaScript warning: https://images-na.ssl-images-amazon.com/images/G/01/x-locale/common/login/fwcim._CB513135890_.js, line 18: Error: WebGL warning: Can't use WebGL in headless mode (https://bugzil.la/1375585).
JavaScript warning: https://images-na.ssl-images-amazon.com/images/G/01/x-locale/common/login/fwcim._CB513135890_.js, line 18: Error: WebGL warning: Failed to create WebGL context: WebGL creation failed: 
* Can't use WebGL in headless mode (https://bugzil.la/1375585).
JavaScript warning: https://images-na.ssl-images-amazon.com/images/G/01/x-locale/common/login/fwcim._CB513135890_.js, line 18: Error: WebGL warning: Can't use WebGL in headless mode (https://bugzil.la/1375585).
JavaScript warning: https://images-na.ssl-images-amazon.com/images/G/01/x-locale/common/login/fwcim._CB513135890_.js, line 18: Error: WebGL warning: Failed to create WebGL context: WebGL creation failed: 
* Can't use WebGL in headless mode (https://bugzil.la/1375585).
JavaScript warning: https://images-na.ssl-images-amazon.com/images/G/01/x-locale/common/login/fwcim._CB513135890_.js, line 18: Error: WebGL warning: Can't use WebGL in headless mode (https://bugzil.la/1375585).
JavaScript warning: https://images-na.ssl-images-amazon.com/images/G/01/x-locale/common/login/fwcim._CB513135890_.js, line 18: Error: WebGL warning: Failed to create WebGL context: WebGL creation failed: 
* Can't use WebGL in headless mode (https://bugzil.la/1375585).
JavaScript warning: https://images-na.ssl-images-amazon.com/images/G/01/x-locale/common/login/fwcim._CB513135890_.js, line 18: Error: WebGL warning: Can't use WebGL in headless mode (https://bugzil.la/1375585).
JavaScript warning: https://images-na.ssl-images-amazon.com/images/G/01/x-locale/common/login/fwcim._CB513135890_.js, line 18: Error: WebGL warning: Failed to create WebGL context: WebGL creation failed: 
* Can't use WebGL in headless mode (https://bugzil.la/1375585).
JavaScript warning: https://images-na.ssl-images-amazon.com/images/G/01/x-locale/common/login/fwcim._CB513135890_.js, line 18: Error: WebGL warning: Can't use WebGL in headless mode (https://bugzil.la/1375585).
JavaScript warning: https://images-na.ssl-images-amazon.com/images/G/01/x-locale/common/login/fwcim._CB513135890_.js, line 18: Error: WebGL warning: Failed to create WebGL context: WebGL creation failed: 
* Can't use WebGL in headless mode (https://bugzil.la/1375585).
JavaScript warning: https://images-na.ssl-images-amazon.com/images/G/01/x-locale/common/login/fwcim._CB513135890_.js, line 18: Error: WebGL warning: Can't use WebGL in headless mode (https://bugzil.la/1375585).
JavaScript warning: https://images-na.ssl-images-amazon.com/images/G/01/x-locale/common/login/fwcim._CB513135890_.js, line 18: Error: WebGL warning: Failed to create WebGL context: WebGL creation failed: 
* Can't use WebGL in headless mode (https://bugzil.la/1375585).
JavaScript warning: https://images-na.ssl-images-amazon.com/images/G/01/x-locale/common/login/fwcim._CB513135890_.js, line 18: Error: WebGL warning: Can't use WebGL in headless mode (https://bugzil.la/1375585).
JavaScript warning: https://images-na.ssl-images-amazon.com/images/G/01/x-locale/common/login/fwcim._CB513135890_.js, line 18: Error: WebGL warning: Failed to create WebGL context: WebGL creation failed: 
* Can't use WebGL in headless mode (https://bugzil.la/1375585).
JavaScript warning: https://images-na.ssl-images-amazon.com/images/G/01/x-locale/common/login/fwcim._CB513135890_.js, line 18: Error: WebGL warning: Can't use WebGL in headless mode (https://bugzil.la/1375585).
JavaScript warning: https://images-na.ssl-images-amazon.com/images/G/01/x-locale/common/login/fwcim._CB513135890_.js, line 18: Error: WebGL warning: Failed to create WebGL context: WebGL creation failed: 
* Can't use WebGL in headless mode (https://bugzil.la/1375585).
JavaScript warning: https://images-na.ssl-images-amazon.com/images/G/01/x-locale/common/login/fwcim._CB513135890_.js, line 18: Error: WebGL warning: Can't use WebGL in headless mode (https://bugzil.la/1375585).
JavaScript warning: https://images-na.ssl-images-amazon.com/images/G/01/x-locale/common/login/fwcim._CB513135890_.js, line 18: Error: WebGL warning: Failed to create WebGL context: WebGL creation failed: 
* Can't use WebGL in headless mode (https://bugzil.la/1375585).
JavaScript warning: https://images-na.ssl-images-amazon.com/images/G/01/x-locale/common/login/fwcim._CB513135890_.js, line 18: Error: WebGL warning: Can't use WebGL in headless mode (https://bugzil.la/1375585).
JavaScript warning: https://images-na.ssl-images-amazon.com/images/G/01/x-locale/common/login/fwcim._CB513135890_.js, line 18: Error: WebGL warning: Failed to create WebGL context: WebGL creation failed: 
* Can't use WebGL in headless mode (https://bugzil.la/1375585).
JavaScript warning: https://images-na.ssl-images-amazon.com/images/G/01/x-locale/common/login/fwcim._CB513135890_.js, line 18: Error: WebGL warning: Can't use WebGL in headless mode (https://bugzil.la/1375585).
JavaScript warning: https://images-na.ssl-images-amazon.com/images/G/01/x-locale/common/login/fwcim._CB513135890_.js, line 18: Error: WebGL warning: Failed to create WebGL context: WebGL creation failed: 
* Can't use WebGL in headless mode (https://bugzil.la/1375585).
JavaScript warning: https://images-na.ssl-images-amazon.com/images/G/01/x-locale/common/login/fwcim._CB513135890_.js, line 18: Error: WebGL warning: Can't use WebGL in headless mode (https://bugzil.la/1375585).
JavaScript warning: https://images-na.ssl-images-amazon.com/images/G/01/x-locale/common/login/fwcim._CB513135890_.js, line 18: Error: WebGL warning: Failed to create WebGL context: WebGL creation failed: 
* Can't use WebGL in headless mode (https://bugzil.la/1375585).
[GFX1-]: Receive IPC close with reason=AbnormalShutdown
[GFX1-]: Receive IPC close with reason=AbnormalShutdown
[Child 2684, Chrome_ChildThread] WARNING: pipe error (3): Connection reset by peer: file /build/firefox-9j9NY8/firefox-58.0.2+build1/ipc/chromium/src/chrome/common/ipc_channel_posix.cc, line 353
[Child 2723, Chrome_ChildThread] WARNING: pipe error (3): Connection reset by peer: file /build/firefox-9j9NY8/firefox-58.0.2+build1/ipc/chromium/src/chrome/common/ipc_channel_posix.cc, line 353
1518788973703	geckodriver	INFO	geckodriver 0.19.1
1518788973712	geckodriver	INFO	Listening on 127.0.0.1:47988
1518788974827	mozrunner::runner	INFO	Running command: "/usr/bin/firefox" "-marionette" "--headless" "-profile" "/tmp/rust_mozprofile.UTrU9qUoaZQr"
*** You are running in headless mode.
1518788975271	Marionette	INFO	Enabled via --marionette
1518788976761	Marionette	INFO	Listening on port 39258
1518788976843	Marionette	WARN	TLS certificate errors will be ignored for this session
JavaScript warning: https://images-na.ssl-images-amazon.com/images/G/01/x-locale/common/login/fwcim._CB513135890_.js, line 18: Error: WebGL warning: Can't use WebGL in headless mode (https://bugzil.la/1375585).
JavaScript warning: https://images-na.ssl-images-amazon.com/images/G/01/x-locale/common/login/fwcim._CB513135890_.js, line 18: Error: WebGL warning: Failed to create WebGL context: WebGL creation failed: 
* Can't use WebGL in headless mode (https://bugzil.la/1375585).
JavaScript warning: https://images-na.ssl-images-amazon.com/images/G/01/x-locale/common/login/fwcim._CB513135890_.js, line 18: Error: WebGL warning: Can't use WebGL in headless mode (https://bugzil.la/1375585).
JavaScript warning: https://images-na.ssl-images-amazon.com/images/G/01/x-locale/common/login/fwcim._CB513135890_.js, line 18: Error: WebGL warning: Failed to create WebGL context: WebGL creation failed: 
* Can't use WebGL in headless mode (https://bugzil.la/1375585).
JavaScript warning: https://images-na.ssl-images-amazon.com/images/G/01/x-locale/common/login/fwcim._CB513135890_.js, line 18: Error: WebGL warning: Can't use WebGL in headless mode (https://bugzil.la/1375585).
JavaScript warning: https://images-na.ssl-images-amazon.com/images/G/01/x-locale/common/login/fwcim._CB513135890_.js, line 18: Error: WebGL warning: Failed to create WebGL context: WebGL creation failed: 
* Can't use WebGL in headless mode (https://bugzil.la/1375585).
JavaScript warning: https://images-na.ssl-images-amazon.com/images/G/01/x-locale/common/login/fwcim._CB513135890_.js, line 18: Error: WebGL warning: Can't use WebGL in headless mode (https://bugzil.la/1375585).
JavaScript warning: https://images-na.ssl-images-amazon.com/images/G/01/x-locale/common/login/fwcim._CB513135890_.js, line 18: Error: WebGL warning: Failed to create WebGL context: WebGL creation failed: 
* Can't use WebGL in headless mode (https://bugzil.la/1375585).
[GFX1-]: Receive IPC close with reason=AbnormalShutdown
[GFX1-]: Receive IPC close with reason=AbnormalShutdown
[Child 6900, Chrome_ChildThread] WARNING: pipe error (3): Connection reset by peer: file /build/firefox-9j9NY8/firefox-58.0.2+build1/ipc/chromium/src/chrome/common/ipc_channel_posix.cc, line 353
[Child 6939, Chrome_ChildThread] WARNING: pipe error (3): Connection reset by peer: file /build/firefox-9j9NY8/firefox-58.0.2+build1/ipc/chromium/src/chrome/common/ipc_channel_posix.cc, line 353
